==============================================================================
Team2 OrangeHRM                                                               
==============================================================================
Team2 OrangeHRM.TestCases                                                     
==============================================================================
Team2 OrangeHRM.TestCases.Test EmployeeLeaveList :: Test for Recruitment in...
==============================================================================
List the employess on leave                                           0 Employees on leave
| PASS |
------------------------------------------------------------------------------
Team2 OrangeHRM.TestCases.Test EmployeeLeaveList :: Test for Recru... | PASS |
1 test, 1 passed, 0 failed
==============================================================================
Team2 OrangeHRM.TestCases                                             | PASS |
1 test, 1 passed, 0 failed
==============================================================================
Team2 OrangeHRM                                                       | PASS |
1 test, 1 passed, 0 failed
==============================================================================
Output:  C:\Users\SM\Desktop\Project _automation\Team2_OrangeHRM\pabot_results\9\output.xml
