==============================================================================
Team2 OrangeHRM                                                               
==============================================================================
Team2 OrangeHRM.TestCases                                                     
==============================================================================
Team2 OrangeHRM.TestCases.Test EmploymentStatus :: Verify the Employment St...
==============================================================================
Add the Employment Status :: Adds the new Employment Status for th...   
  Traceback (most recent call last):
    ~~~~~~~~~~~~~~~~~~~~~~~~~~~~~~~~~~~~~~~~~~~~~~~~~~~~~~~~~~~~~~~~~~~~~~~~~~
    File  C:\Users\SM\Desktop\Project _automation\Team2_OrangeHRM\TestCases\Test_EmploymentStatus.robot:14
    T:  Add the Employment Status    
    ~~~~~~~~~~~~~~~~~~~~~~~~~~~~~~~~~~~~~~~~~~~~~~~~~~~~~~~~~~~~~~~~~~~~~~~~~~
    File  C:\Users\SM\Desktop\Project _automation\Team2_OrangeHRM\TestCases\Test_EmploymentStatus.robot:20
      Add a Employment Status    Employment_Status=Part Timessfrhd
    ~~~~~~~~~~~~~~~~~~~~~~~~~~~~~~~~~~~~~~~~~~~~~~~~~~~~~~~~~~~~~~~~~~~~~~~~~~
    File  C:\Users\SM\Desktop\Project _automation\Team2_OrangeHRM\TestCases\Test_EmploymentStatus.robot:29
      Verify the Employment Status is added    
    ~~~~~~~~~~~~~~~~~~~~~~~~~~~~~~~~~~~~~~~~~~~~~~~~~~~~~~~~~~~~~~~~~~~~~~~~~~
    File  C:\Users\SM\Desktop\Project _automation\Team2_OrangeHRM\Resources\Employment.robot:21
      Element Text Should Be    ${assert}    Successfully Saved
      |  ${assert} = xpath=(//div[@class='oxd-toast-start']//p)[2] (str)
______________________________________________________________________________
| FAIL |
Element with locator 'xpath=(//div[@class='oxd-toast-start']//p)[2]' not found.
------------------------------------------------------------------------------
Team2 OrangeHRM.TestCases.Test EmploymentStatus :: Verify the Empl... | FAIL |
1 test, 0 passed, 1 failed
==============================================================================
Team2 OrangeHRM.TestCases                                             | FAIL |
1 test, 0 passed, 1 failed
==============================================================================
Team2 OrangeHRM                                                       | FAIL |
1 test, 0 passed, 1 failed
==============================================================================
Output:  C:\Users\SM\Desktop\Project _automation\Team2_OrangeHRM\pabot_results\12\output.xml
