==============================================================================
Team2 OrangeHRM                                                               
==============================================================================
Team2 OrangeHRM.TestCases                                                     
==============================================================================
Team2 OrangeHRM.TestCases.Test EmployeeListWithField :: Test for Employee L...
==============================================================================
Employee Information with All fields                                  1 Records Found
| PASS |
------------------------------------------------------------------------------
Team2 OrangeHRM.TestCases.Test EmployeeListWithField :: Test for E... | PASS |
1 test, 1 passed, 0 failed
==============================================================================
Team2 OrangeHRM.TestCases                                             | PASS |
1 test, 1 passed, 0 failed
==============================================================================
Team2 OrangeHRM                                                       | PASS |
1 test, 1 passed, 0 failed
==============================================================================
Output:  C:\Users\SM\Desktop\Project _automation\Team2_OrangeHRM\pabot_results\11\output.xml
