==============================================================================
Team2 OrangeHRM                                                               
==============================================================================
Team2 OrangeHRM.TestCases                                                     
==============================================================================
Team2 OrangeHRM.TestCases.Test Man Membership :: Verify the Membership feature
==============================================================================
Add the new membership :: Add a new membership for the users            
  Traceback (most recent call last):
    ~~~~~~~~~~~~~~~~~~~~~~~~~~~~~~~~~~~~~~~~~~~~~~~~~~~~~~~~~~~~~~~~~~~~~~~~~~
    File  C:\Users\SM\Desktop\Project _automation\Team2_OrangeHRM\TestCases\Test_Man_Membership.robot:13
    T:  Add the new membership    
    ~~~~~~~~~~~~~~~~~~~~~~~~~~~~~~~~~~~~~~~~~~~~~~~~~~~~~~~~~~~~~~~~~~~~~~~~~~
    File  C:\Users\SM\Desktop\Project _automation\Team2_OrangeHRM\TestCases\Test_Man_Membership.robot:5
      Close the Browser    
______________________________________________________________________________
| FAIL |
Teardown failed:
No keyword with name 'Close the Browser' found. Did you mean:
    SeleniumLibrary.Close Browser
------------------------------------------------------------------------------
Team2 OrangeHRM.TestCases.Test Man Membership :: Verify the Member... | FAIL |
1 test, 0 passed, 1 failed
==============================================================================
Team2 OrangeHRM.TestCases                                             | FAIL |
1 test, 0 passed, 1 failed
==============================================================================
Team2 OrangeHRM                                                       | FAIL |
1 test, 0 passed, 1 failed
==============================================================================
Output:  C:\Users\SM\Desktop\Project _automation\Team2_OrangeHRM\pabot_results\22\output.xml
