==============================================================================
Team2 OrangeHRM                                                               
==============================================================================
Team2 OrangeHRM.TestCases                                                     
==============================================================================
Team2 OrangeHRM.TestCases.Test AddEmployee :: Test for Add Employee           
==============================================================================
Add new Employee                                                        
  Traceback (most recent call last):
    ~~~~~~~~~~~~~~~~~~~~~~~~~~~~~~~~~~~~~~~~~~~~~~~~~~~~~~~~~~~~~~~~~~~~~~~~~~
    File  C:\Users\SM\Desktop\Project _automation\Team2_OrangeHRM\TestCases\Test_AddEmployee.robot:13
    T:  Add new Employee    
    ~~~~~~~~~~~~~~~~~~~~~~~~~~~~~~~~~~~~~~~~~~~~~~~~~~~~~~~~~~~~~~~~~~~~~~~~~~
    File  C:\Users\SM\Desktop\Project _automation\Team2_OrangeHRM\TestCases\Test_AddEmployee.robot:20
      Add new Employee    fname=AZX    mname=BYZ    lname=ZCV
    ~~~~~~~~~~~~~~~~~~~~~~~~~~~~~~~~~~~~~~~~~~~~~~~~~~~~~~~~~~~~~~~~~~~~~~~~~~
    File  C:\Users\SM\Desktop\Project _automation\Team2_OrangeHRM\TestCases\Test_AddEmployee.robot:31
      click on save button    
    ~~~~~~~~~~~~~~~~~~~~~~~~~~~~~~~~~~~~~~~~~~~~~~~~~~~~~~~~~~~~~~~~~~~~~~~~~~
    File  C:\Users\SM\Desktop\Project _automation\Team2_OrangeHRM\Resources\PIMResources.robot:101
      Element Text Should Be    ${success_message}    Successfully Saved
      |  ${success_message} = xpath://p[@class="oxd-text oxd-text--p oxd-text--toast-message oxd-toast-content-text"] (str)
______________________________________________________________________________
| FAIL |
Element with locator 'xpath://p[@class="oxd-text oxd-text--p oxd-text--toast-message oxd-toast-content-text"]' not found.
------------------------------------------------------------------------------
Add new Employee                                                      | PASS |
------------------------------------------------------------------------------
Add new Employee                                                      | PASS |
------------------------------------------------------------------------------
Team2 OrangeHRM.TestCases.Test AddEmployee :: Test for Add Employee   | FAIL |
3 tests, 2 passed, 1 failed
==============================================================================
Team2 OrangeHRM.TestCases                                             | FAIL |
3 tests, 2 passed, 1 failed
==============================================================================
Team2 OrangeHRM                                                       | FAIL |
3 tests, 2 passed, 1 failed
==============================================================================
Output:  C:\Users\SM\Desktop\Project _automation\Team2_OrangeHRM\pabot_results\1\output.xml
