==============================================================================
Team2 OrangeHRM                                                               
==============================================================================
Team2 OrangeHRM.TestCases                                                     
==============================================================================
Team2 OrangeHRM.TestCases.Test validAddEmployee :: Test to add new Employee   
==============================================================================
Add Employee                                                          | PASS |
------------------------------------------------------------------------------
Add Employee                                                          | PASS |
------------------------------------------------------------------------------
Add Employee                                                          | PASS |
------------------------------------------------------------------------------
Team2 OrangeHRM.TestCases.Test validAddEmployee :: Test to add new... | PASS |
3 tests, 3 passed, 0 failed
==============================================================================
Team2 OrangeHRM.TestCases                                             | PASS |
3 tests, 3 passed, 0 failed
==============================================================================
Team2 OrangeHRM                                                       | PASS |
3 tests, 3 passed, 0 failed
==============================================================================
Output:  C:\Users\SM\Desktop\Project _automation\Team2_OrangeHRM\pabot_results\37\output.xml
