==============================================================================
Team2 OrangeHRM                                                               
==============================================================================
Team2 OrangeHRM.TestCases                                                     
==============================================================================
Team2 OrangeHRM.TestCases.Test Membership :: Verify the Membership feature    
==============================================================================
Add the new membership :: Add a new membership for the users with ...   
  Traceback (most recent call last):
    ~~~~~~~~~~~~~~~~~~~~~~~~~~~~~~~~~~~~~~~~~~~~~~~~~~~~~~~~~~~~~~~~~~~~~~~~~~
    File  C:\Users\SM\Desktop\Project _automation\Team2_OrangeHRM\TestCases\Test_Membership.robot:14
    T:  Add the new membership    
    ~~~~~~~~~~~~~~~~~~~~~~~~~~~~~~~~~~~~~~~~~~~~~~~~~~~~~~~~~~~~~~~~~~~~~~~~~~
    File  C:\Users\SM\Desktop\Project _automation\Team2_OrangeHRM\TestCases\Test_Membership.robot:5
      Close the Browser    
______________________________________________________________________________
| FAIL |
Teardown failed:
No keyword with name 'Close the Browser' found. Did you mean:
    SeleniumLibrary.Close Browser
------------------------------------------------------------------------------
Team2 OrangeHRM.TestCases.Test Membership :: Verify the Membership... | FAIL |
1 test, 0 passed, 1 failed
==============================================================================
Team2 OrangeHRM.TestCases                                             | FAIL |
1 test, 0 passed, 1 failed
==============================================================================
Team2 OrangeHRM                                                       | FAIL |
1 test, 0 passed, 1 failed
==============================================================================
Output:  C:\Users\SM\Desktop\Project _automation\Team2_OrangeHRM\pabot_results\24\output.xml
