==============================================================================
Team2 OrangeHRM                                                               
==============================================================================
Team2 OrangeHRM.TestCases                                                     
==============================================================================
Team2 OrangeHRM.TestCases.Test Vacancy :: Test for Vacancy                    
==============================================================================
Vacancies                                                             0 Records found
| PASS |
------------------------------------------------------------------------------
Team2 OrangeHRM.TestCases.Test Vacancy :: Test for Vacancy            | PASS |
1 test, 1 passed, 0 failed
==============================================================================
Team2 OrangeHRM.TestCases                                             | PASS |
1 test, 1 passed, 0 failed
==============================================================================
Team2 OrangeHRM                                                       | PASS |
1 test, 1 passed, 0 failed
==============================================================================
Output:  C:\Users\SM\Desktop\Project _automation\Team2_OrangeHRM\pabot_results\33\output.xml
