==============================================================================
Team2 OrangeHRM                                                               
==============================================================================
Team2 OrangeHRM.TestCases                                                     
==============================================================================
Team2 OrangeHRM.TestCases.Test QuickLaunch :: Test for QuickLaunch on dashb...
==============================================================================
Assign_leave                                                          | PASS |
------------------------------------------------------------------------------
Leave_List                                                            | PASS |
------------------------------------------------------------------------------
TimeSheets                                                            | PASS |
------------------------------------------------------------------------------
Apply_Leave                                                           | PASS |
------------------------------------------------------------------------------
My_Leave                                                              | PASS |
------------------------------------------------------------------------------
Team2 OrangeHRM.TestCases.Test QuickLaunch :: Test for QuickLaunch... | PASS |
5 tests, 5 passed, 0 failed
==============================================================================
Team2 OrangeHRM.TestCases                                             | PASS |
5 tests, 5 passed, 0 failed
==============================================================================
Team2 OrangeHRM                                                       | PASS |
5 tests, 5 passed, 0 failed
==============================================================================
Output:  C:\Users\SM\Desktop\Project _automation\Team2_OrangeHRM\pabot_results\29\output.xml
